0 info it worked if it ends with ok
1 verbose cli [ '/usr/local/bin/node', '/usr/local/bin/npm', 'run', 'dev' ]
2 info using npm@3.10.8
3 info using node@v6.9.1
4 verbose run-script [ 'predev', 'dev', 'postdev' ]
5 info lifecycle gang-of-dezigners@0.0.1~predev: gang-of-dezigners@0.0.1
6 silly lifecycle gang-of-dezigners@0.0.1~predev: no script for predev, continuing
7 info lifecycle gang-of-dezigners@0.0.1~dev: gang-of-dezigners@0.0.1
8 verbose lifecycle gang-of-dezigners@0.0.1~dev: unsafe-perm in lifecycle true
9 verbose lifecycle gang-of-dezigners@0.0.1~dev: PATH: /usr/local/lib/node_modules/npm/bin/node-gyp-bin:/Users/alex/hakaton/fleetcor-assistant/web/node_modules/.bin:/Users/alex/.rvm/gems/ruby-2.4.1/bin:/Users/alex/.rvm/gems/ruby-2.4.1@global/bin:/Users/alex/.rvm/rubies/ruby-2.4.1/bin:/Users/alex/Downloads/cocos2d-x-3.15/templates:/Users/alex/Downloads:/Users/alex/Downloads/cocos2d-x-3.15/tools/cocos2d-console/bin:/Library/Frameworks/Python.framework/Versions/3.5/bin:/usr/local/bin:/usr/bin:/bin:/usr/sbin:/sbin:/Library/Frameworks/Mono.framework/Versions/Current/Commands:/Users/alex/.rvm/bin
10 verbose lifecycle gang-of-dezigners@0.0.1~dev: CWD: /Users/alex/hakaton/fleetcor-assistant/web
11 silly lifecycle gang-of-dezigners@0.0.1~dev: Args: [ '-c', 'serve -t -l dist' ]
12 silly lifecycle gang-of-dezigners@0.0.1~dev: Returned: code: 1  signal: null
13 info lifecycle gang-of-dezigners@0.0.1~dev: Failed to exec dev script
14 verbose stack Error: gang-of-dezigners@0.0.1 dev: `serve -t -l dist`
14 verbose stack Exit status 1
14 verbose stack     at EventEmitter.<anonymous> (/usr/local/lib/node_modules/npm/lib/utils/lifecycle.js:255:16)
14 verbose stack     at emitTwo (events.js:106:13)
14 verbose stack     at EventEmitter.emit (events.js:191:7)
14 verbose stack     at ChildProcess.<anonymous> (/usr/local/lib/node_modules/npm/lib/utils/spawn.js:40:14)
14 verbose stack     at emitTwo (events.js:106:13)
14 verbose stack     at ChildProcess.emit (events.js:191:7)
14 verbose stack     at maybeClose (internal/child_process.js:877:16)
14 verbose stack     at Process.ChildProcess._handle.onexit (internal/child_process.js:226:5)
15 verbose pkgid gang-of-dezigners@0.0.1
16 verbose cwd /Users/alex/hakaton/fleetcor-assistant/web
17 error Darwin 16.7.0
18 error argv "/usr/local/bin/node" "/usr/local/bin/npm" "run" "dev"
19 error node v6.9.1
20 error npm  v3.10.8
21 error code ELIFECYCLE
22 error gang-of-dezigners@0.0.1 dev: `serve -t -l dist`
22 error Exit status 1
23 error Failed at the gang-of-dezigners@0.0.1 dev script 'serve -t -l dist'.
23 error Make sure you have the latest version of node.js and npm installed.
23 error If you do, this is most likely a problem with the gang-of-dezigners package,
23 error not with npm itself.
23 error Tell the author that this fails on your system:
23 error     serve -t -l dist
23 error You can get information on how to open an issue for this project with:
23 error     npm bugs gang-of-dezigners
23 error Or if that isn't available, you can get their info via:
23 error     npm owner ls gang-of-dezigners
23 error There is likely additional logging output above.
24 verbose exit [ 1, true ]
